<?xml version="1.0" encoding="UTF-8"?>
<testsuite xmlns:xsi="http://www.w3.org/2001/XMLSchema-instance" xsi:noNamespaceSchemaLocation="https://maven.apache.org/surefire/maven-surefire-plugin/xsd/surefire-test-report-3.0.xsd" version="3.0" name="calculatorTest" time="0.046" tests="1" errors="0" skipped="0" failures="1">
  <properties>
    <property name="java.specification.version" value="17"/>
    <property name="sun.cpu.isalist" value="amd64"/>
    <property name="sun.jnu.encoding" value="Cp1252"/>
    <property name="java.class.path" value="C:\Users\arsha\Documents\College\Year 3 Sem 1\Software_Engineering\assignmentOne\target\test-classes;C:\Users\arsha\Documents\College\Year 3 Sem 1\Software_Engineering\assignmentOne\target\classes;C:\Users\arsha\.m2\repository\junit\junit\4.13\junit-4.13.jar;C:\Users\arsha\.m2\repository\org\hamcrest\hamcrest-core\1.3\hamcrest-core-1.3.jar;"/>
    <property name="java.vm.vendor" value="Oracle Corporation"/>
    <property name="sun.arch.data.model" value="64"/>
    <property name="user.variant" value=""/>
    <property name="java.vendor.url" value="https://java.oracle.com/"/>
    <property name="user.timezone" value="Europe/Dublin"/>
    <property name="os.name" value="Windows 10"/>
    <property name="java.vm.specification.version" value="17"/>
    <property name="sun.java.launcher" value="SUN_STANDARD"/>
    <property name="user.country" value="GB"/>
    <property name="sun.boot.library.path" value="C:\Program Files\Java\jdk-17.0.1\bin"/>
    <property name="sun.java.command" value="C:\Users\arsha\AppData\Local\Temp\surefire11420591334648174170\surefirebooter2217855051317520583.jar C:\Users\arsha\AppData\Local\Temp\surefire11420591334648174170 2022-10-09T17-47-56_476-jvmRun1 surefire14113037244726853428tmp surefire_015068725949716778657tmp"/>
    <property name="jdk.debug" value="release"/>
    <property name="surefire.test.class.path" value="C:\Users\arsha\Documents\College\Year 3 Sem 1\Software_Engineering\assignmentOne\target\test-classes;C:\Users\arsha\Documents\College\Year 3 Sem 1\Software_Engineering\assignmentOne\target\classes;C:\Users\arsha\.m2\repository\junit\junit\4.13\junit-4.13.jar;C:\Users\arsha\.m2\repository\org\hamcrest\hamcrest-core\1.3\hamcrest-core-1.3.jar;"/>
    <property name="sun.cpu.endian" value="little"/>
    <property name="user.home" value="C:\Users\arsha"/>
    <property name="user.language" value="en"/>
    <property name="java.specification.vendor" value="Oracle Corporation"/>
    <property name="java.version.date" value="2021-10-19"/>
    <property name="java.home" value="C:\Program Files\Java\jdk-17.0.1"/>
    <property name="file.separator" value="\"/>
    <property name="basedir" value="C:\Users\arsha\Documents\College\Year 3 Sem 1\Software_Engineering\assignmentOne"/>
    <property name="java.vm.compressedOopsMode" value="Zero based"/>
    <property name="line.separator" value="&#10;"/>
    <property name="java.vm.specification.vendor" value="Oracle Corporation"/>
    <property name="java.specification.name" value="Java Platform API Specification"/>
    <property name="surefire.real.class.path" value="C:\Users\arsha\AppData\Local\Temp\surefire11420591334648174170\surefirebooter2217855051317520583.jar"/>
    <property name="user.script" value=""/>
    <property name="sun.management.compiler" value="HotSpot 64-Bit Tiered Compilers"/>
    <property name="java.runtime.version" value="17.0.1+12-LTS-39"/>
    <property name="user.name" value="arsha"/>
    <property name="path.separator" value=";"/>
    <property name="os.version" value="10.0"/>
    <property name="java.runtime.name" value="Java(TM) SE Runtime Environment"/>
    <property name="file.encoding" value="Cp1252"/>
    <property name="java.vm.name" value="Java HotSpot(TM) 64-Bit Server VM"/>
    <property name="localRepository" value="C:\Users\arsha\.m2\repository"/>
    <property name="java.vendor.url.bug" value="https://bugreport.java.com/bugreport/"/>
    <property name="java.io.tmpdir" value="C:\Users\arsha\AppData\Local\Temp\"/>
    <property name="java.version" value="17.0.1"/>
    <property name="user.dir" value="C:\Users\arsha\Documents\College\Year 3 Sem 1\Software_Engineering\assignmentOne"/>
    <property name="os.arch" value="amd64"/>
    <property name="java.vm.specification.name" value="Java Virtual Machine Specification"/>
    <property name="sun.os.patch.level" value=""/>
    <property name="native.encoding" value="Cp1252"/>
    <property name="java.library.path" value="C:\Program Files\Java\jdk-17.0.1\bin;C:\WINDOWS\Sun\Java\bin;C:\WINDOWS\system32;C:\WINDOWS;C:\Program Files\Common Files\Oracle\Java\javapath;C:\WINDOWS\system32;C:\WINDOWS;C:\WINDOWS\System32\Wbem;C:\WINDOWS\System32\WindowsPowerShell\v1.0\;C:\WINDOWS\System32\OpenSSH\;C:\Program Files\Git\cmd;C:\Program Files\Docker\Docker\resources\bin;C:\ProgramData\DockerDesktop\version-bin;C:\ProgramData\chocolatey\bin;C:\Program Files (x86)\BaseX\bin;C:\Program Files\NVIDIA Corporation\NVIDIA NvDLISR;C:\Program Files (x86)\NVIDIA Corporation\PhysX\Common;C:\Program Files\CMake\bin;C:\Program Files\nodejs\;C:\Program Files\PuTTY\;C:\Program Files\dotnet\;C:\Program Files\swipl\bin;C:\Users\arsha\AppData\Roaming\local\bin;C:\Program Files (x86)\GNU Arm Embedded Toolchain\10 2021.10\bin;C:\Users\arsha\AppData\Local\Microsoft\WindowsApps;C:\Users\arsha\AppData\Local\Programs\Microsoft VS Code\bin;C:\Pico\pico-apps\tools\openocd\src;C:\Pico\pico-apps\tools\openocd\tcl;C:\Users\arsha\AppData\Local\GitHubDesktop\bin;C:\Users\arsha\AppData\Roaming\npm;C:\Users\arsha\AppData\Local\atom\bin;C:\src\flutter\bin;C:\msys64\mingw64\bin;C:\Users\arsha\AppData\Local\Pub\Cache\bin;C:\Users\arsha\Desktop\Local Business Hub Mega Folder\Android_SDK_Tools\cmdline-tools\latest\bin;C:\ghcup\bin;C:\Program Files\Java\apache-maven-3.8.6\bin;;."/>
    <property name="java.vm.info" value="mixed mode, sharing"/>
    <property name="java.vendor" value="Oracle Corporation"/>
    <property name="java.vm.version" value="17.0.1+12-LTS-39"/>
    <property name="sun.io.unicode.encoding" value="UnicodeLittle"/>
    <property name="java.class.version" value="61.0"/>
  </properties>
  <testcase name="validation" classname="calculatorTest" time="0.007">
    <failure message="Checking Validation function expected:&lt;true&gt; but was:&lt;false&gt;" type="java.lang.AssertionError"><![CDATA[java.lang.AssertionError: Checking Validation function expected:<true> but was:<false>
	at calculatorTest.validation(calculatorTest.java:27)
]]></failure>
  </testcase>
</testsuite>